<?xml version="1.0" encoding="UTF-8"?>
<!-- Generated by org.testng.reporters.JUnitXMLReporter -->
<testsuite ignored="0" hostname="DESKTOP-VTC7ALN" failures="1" tests="17" name="Test" time="58.504" errors="0" timestamp="2024-08-19T23:02:24 CDT">
  <testcase classname="com.qa.tests.HomePageTest" name="@BeforeMethod setup" time="1.493">
    <failure type="org.openqa.selenium.SessionNotCreatedException" message="Could not start a new session. Response code 500. Message: Process unexpectedly closed with status 0 
Host info: host: &amp;apos;DESKTOP-VTC7ALN&amp;apos;, ip: &amp;apos;192.168.100.102&amp;apos;
Build info: version: &amp;apos;4.23.1&amp;apos;, revision: &amp;apos;656257d8e9&amp;apos;
System info: os.name: &amp;apos;Windows 10&amp;apos;, os.arch: &amp;apos;amd64&amp;apos;, os.version: &amp;apos;10.0&amp;apos;, java.version: &amp;apos;17.0.6&amp;apos;
Driver info: org.openqa.selenium.firefox.FirefoxDriver
Command: [null, newSession {capabilities=[Capabilities {acceptInsecureCerts: true, browserName: firefox, moz:debuggerAddress: true, moz:firefoxOptions: {binary: C:\Program Files\Mozilla Fi..., prefs: {remote.active-protocols: 3}}}]}]">
      <![CDATA[org.openqa.selenium.SessionNotCreatedException: Could not start a new session. Response code 500. Message: Process unexpectedly closed with status 0 
Host info: host: 'DESKTOP-VTC7ALN', ip: '192.168.100.102'
Build info: version: '4.23.1', revision: '656257d8e9'
System info: os.name: 'Windows 10', os.arch: 'amd64', os.version: '10.0', java.version: '17.0.6'
Driver info: org.openqa.selenium.firefox.FirefoxDriver
Command: [null, newSession {capabilities=[Capabilities {acceptInsecureCerts: true, browserName: firefox, moz:debuggerAddress: true, moz:firefoxOptions: {binary: C:\Program Files\Mozilla Fi..., prefs: {remote.active-protocols: 3}}}]}]
at org.openqa.selenium.remote.ProtocolHandshake.createSession(ProtocolHandshake.java:114)
at org.openqa.selenium.remote.ProtocolHandshake.createSession(ProtocolHandshake.java:75)
at org.openqa.selenium.remote.ProtocolHandshake.createSession(ProtocolHandshake.java:61)
at org.openqa.selenium.remote.HttpCommandExecutor.execute(HttpCommandExecutor.java:162)
at org.openqa.selenium.remote.service.DriverCommandExecutor.invokeExecute(DriverCommandExecutor.java:216)
at org.openqa.selenium.remote.service.DriverCommandExecutor.execute(DriverCommandExecutor.java:174)
at org.openqa.selenium.remote.RemoteWebDriver.execute(RemoteWebDriver.java:545)
at org.openqa.selenium.remote.RemoteWebDriver.startSession(RemoteWebDriver.java:245)
at org.openqa.selenium.remote.RemoteWebDriver.<init>(RemoteWebDriver.java:174)
at org.openqa.selenium.firefox.FirefoxDriver.<init>(FirefoxDriver.java:155)
at org.openqa.selenium.firefox.FirefoxDriver.<init>(FirefoxDriver.java:150)
at org.openqa.selenium.firefox.FirefoxDriver.<init>(FirefoxDriver.java:132)
at org.openqa.selenium.firefox.FirefoxDriver.<init>(FirefoxDriver.java:127)
at org.openqa.selenium.firefox.FirefoxDriver.<init>(FirefoxDriver.java:112)
at org.openqa.selenium.firefox.FirefoxDriver.<init>(FirefoxDriver.java:102)
at com.qa.base.BaseClass.init(BaseClass.java:34)
at com.qa.tests.HomePageTest.setup(HomePageTest.java:24)
at java.base/java.util.ArrayList.forEach(ArrayList.java:1511)
... Removed 31 stack frames]]>
    </failure>
  </testcase> <!-- @BeforeMethod setup -->
  <testcase classname="com.qa.tests.HomePageTest" name="@AfterMethod exit" time="0.0">
    <skipped/>
  </testcase> <!-- @AfterMethod exit -->
  <testcase classname="com.qa.tests.HomePageTest" name="@BeforeMethod setup" time="0.0">
    <skipped/>
  </testcase> <!-- @BeforeMethod setup -->
  <testcase classname="com.qa.tests.HomePageTest" name="@AfterMethod exit" time="0.0">
    <skipped/>
  </testcase> <!-- @AfterMethod exit -->
  <testcase classname="com.qa.tests.HomePageTest" name="@BeforeMethod setup" time="0.0">
    <skipped/>
  </testcase> <!-- @BeforeMethod setup -->
  <testcase classname="com.qa.tests.HomePageTest" name="@AfterMethod exit" time="0.0">
    <skipped/>
  </testcase> <!-- @AfterMethod exit -->
  <testcase classname="com.qa.tests.HomePageTest" name="@BeforeMethod setup" time="0.0">
    <skipped/>
  </testcase> <!-- @BeforeMethod setup -->
  <testcase classname="com.qa.tests.HomePageTest" name="@AfterMethod exit" time="0.0">
    <skipped/>
  </testcase> <!-- @AfterMethod exit -->
  <testcase classname="com.qa.tests.RegisterPageTest" name="@BeforeMethod setup" time="12.965">
    <failure type="org.openqa.selenium.NoSuchSessionException" message="WebDriver session does not exist, or is not active
Build info: version: &amp;apos;4.23.1&amp;apos;, revision: &amp;apos;656257d8e9&amp;apos;
System info: os.name: &amp;apos;Windows 10&amp;apos;, os.arch: &amp;apos;amd64&amp;apos;, os.version: &amp;apos;10.0&amp;apos;, java.version: &amp;apos;17.0.6&amp;apos;
Driver info: org.openqa.selenium.firefox.FirefoxDriver
Command: [d4738e28-a54d-40d9-b86d-9a6931719b0d, maximizeCurrentWindow {}]
Capabilities {acceptInsecureCerts: true, browserName: firefox, browserVersion: 127.0.2, moz:accessibilityChecks: false, moz:buildID: 20240624183754, moz:debuggerAddress: 127.0.0.1:27986, moz:geckodriverVersion: 0.35.0, moz:headless: false, moz:platformVersion: 10.0, moz:processID: 4440, moz:profile: C:\Users\PADMAN~1\AppData\L..., moz:shutdownTimeout: 60000, moz:webdriverClick: true, moz:windowless: false, pageLoadStrategy: normal, platformName: windows, proxy: Proxy(), setWindowRect: true, strictFileInteractability: false, timeouts: {implicit: 0, pageLoad: 300000, script: 30000}, unhandledPromptBehavior: dismiss and notify, userAgent: Mozilla/5.0 (Windows NT 10....}
Session ID: d4738e28-a54d-40d9-b86d-9a6931719b0d">
      <![CDATA[org.openqa.selenium.NoSuchSessionException: WebDriver session does not exist, or is not active
Build info: version: '4.23.1', revision: '656257d8e9'
System info: os.name: 'Windows 10', os.arch: 'amd64', os.version: '10.0', java.version: '17.0.6'
Driver info: org.openqa.selenium.firefox.FirefoxDriver
Command: [d4738e28-a54d-40d9-b86d-9a6931719b0d, maximizeCurrentWindow {}]
Capabilities {acceptInsecureCerts: true, browserName: firefox, browserVersion: 127.0.2, moz:accessibilityChecks: false, moz:buildID: 20240624183754, moz:debuggerAddress: 127.0.0.1:27986, moz:geckodriverVersion: 0.35.0, moz:headless: false, moz:platformVersion: 10.0, moz:processID: 4440, moz:profile: C:\Users\PADMAN~1\AppData\L..., moz:shutdownTimeout: 60000, moz:webdriverClick: true, moz:windowless: false, pageLoadStrategy: normal, platformName: windows, proxy: Proxy(), setWindowRect: true, strictFileInteractability: false, timeouts: {implicit: 0, pageLoad: 300000, script: 30000}, unhandledPromptBehavior: dismiss and notify, userAgent: Mozilla/5.0 (Windows NT 10....}
Session ID: d4738e28-a54d-40d9-b86d-9a6931719b0d
at org.openqa.selenium.remote.ErrorCodec.decode(ErrorCodec.java:167)
at org.openqa.selenium.remote.codec.w3c.W3CHttpResponseCodec.decode(W3CHttpResponseCodec.java:138)
at org.openqa.selenium.remote.codec.w3c.W3CHttpResponseCodec.decode(W3CHttpResponseCodec.java:50)
at org.openqa.selenium.remote.HttpCommandExecutor.execute(HttpCommandExecutor.java:190)
at org.openqa.selenium.remote.service.DriverCommandExecutor.invokeExecute(DriverCommandExecutor.java:216)
at org.openqa.selenium.remote.service.DriverCommandExecutor.execute(DriverCommandExecutor.java:174)
at org.openqa.selenium.remote.RemoteWebDriver.execute(RemoteWebDriver.java:545)
at org.openqa.selenium.remote.RemoteWebDriver.execute(RemoteWebDriver.java:618)
at org.openqa.selenium.remote.RemoteWebDriver.execute(RemoteWebDriver.java:622)
at org.openqa.selenium.remote.RemoteWebDriver$RemoteWebDriverOptions$RemoteWindow.maximize(RemoteWebDriver.java:1061)
at com.qa.base.BaseClass.init(BaseClass.java:37)
at com.qa.tests.RegisterPageTest.setup(RegisterPageTest.java:28)
at java.base/java.util.ArrayList.forEach(ArrayList.java:1511)
... Removed 36 stack frames]]>
    </failure>
  </testcase> <!-- @BeforeMethod setup -->
  <testcase classname="com.qa.tests.RegisterPageTest" name="@AfterMethod exit" time="0.0">
    <skipped/>
  </testcase> <!-- @AfterMethod exit -->
  <testcase classname="com.qa.tests.RegisterPageTest" name="@BeforeMethod setup" time="0.0">
    <skipped/>
  </testcase> <!-- @BeforeMethod setup -->
  <testcase classname="com.qa.tests.RegisterPageTest" name="@AfterMethod exit" time="0.0">
    <skipped/>
  </testcase> <!-- @AfterMethod exit -->
  <testcase classname="com.qa.tests.RegisterPageTest" name="@BeforeMethod setup" time="0.0">
    <skipped/>
  </testcase> <!-- @BeforeMethod setup -->
  <testcase classname="com.qa.tests.RegisterPageTest" name="@AfterMethod exit" time="0.0">
    <skipped/>
  </testcase> <!-- @AfterMethod exit -->
  <testcase classname="com.qa.tests.RegisterPageTest" name="@BeforeMethod setup" time="0.0">
    <skipped/>
  </testcase> <!-- @BeforeMethod setup -->
  <testcase classname="com.qa.tests.RegisterPageTest" name="@AfterMethod exit" time="0.0">
    <skipped/>
  </testcase> <!-- @AfterMethod exit -->
  <testcase classname="com.qa.tests.RegisterPageTest" name="@BeforeMethod setup" time="0.0">
    <skipped/>
  </testcase> <!-- @BeforeMethod setup -->
  <testcase classname="com.qa.tests.RegisterPageTest" name="@AfterMethod exit" time="0.0">
    <skipped/>
  </testcase> <!-- @AfterMethod exit -->
  <testcase classname="com.qa.tests.RegisterPageTest" name="@BeforeMethod setup" time="0.0">
    <skipped/>
  </testcase> <!-- @BeforeMethod setup -->
  <testcase classname="com.qa.tests.RegisterPageTest" name="@AfterMethod exit" time="0.0">
    <skipped/>
  </testcase> <!-- @AfterMethod exit -->
  <testcase classname="com.qa.tests.RegisterPageTest" name="@BeforeMethod setup" time="0.0">
    <skipped/>
  </testcase> <!-- @BeforeMethod setup -->
  <testcase classname="com.qa.tests.RegisterPageTest" name="@AfterMethod exit" time="0.0">
    <skipped/>
  </testcase> <!-- @AfterMethod exit -->
  <testcase classname="com.qa.tests.RegisterPageTest" name="@BeforeMethod setup" time="0.0">
    <skipped/>
  </testcase> <!-- @BeforeMethod setup -->
  <testcase classname="com.qa.tests.RegisterPageTest" name="@AfterMethod exit" time="0.0">
    <skipped/>
  </testcase> <!-- @AfterMethod exit -->
  <testcase classname="com.qa.tests.RegisterPageTest" name="@BeforeMethod setup" time="0.0">
    <skipped/>
  </testcase> <!-- @BeforeMethod setup -->
  <testcase classname="com.qa.tests.RegisterPageTest" name="@AfterMethod exit" time="0.0">
    <skipped/>
  </testcase> <!-- @AfterMethod exit -->
  <testcase classname="com.qa.tests.RegisterPageTest" name="@BeforeMethod setup" time="0.0">
    <skipped/>
  </testcase> <!-- @BeforeMethod setup -->
  <testcase classname="com.qa.tests.RegisterPageTest" name="@AfterMethod exit" time="0.0">
    <skipped/>
  </testcase> <!-- @AfterMethod exit -->
  <testcase classname="com.qa.tests.RegisterPageTest" name="@BeforeMethod setup" time="0.0">
    <skipped/>
  </testcase> <!-- @BeforeMethod setup -->
  <testcase classname="com.qa.tests.RegisterPageTest" name="@AfterMethod exit" time="0.0">
    <skipped/>
  </testcase> <!-- @AfterMethod exit -->
  <testcase classname="com.qa.tests.HomePageTest" name="checkTitle" time="0.105"/>
  <testcase classname="com.qa.tests.HomePageTest" name="myEbayList" time="0.0">
    <skipped/>
  </testcase> <!-- myEbayList -->
  <testcase classname="com.qa.tests.HomePageTest" name="searchThing" time="0.001">
    <skipped/>
  </testcase> <!-- searchThing -->
  <testcase classname="com.qa.tests.HomePageTest" name="changeCategory" time="0.0">
    <skipped/>
  </testcase> <!-- changeCategory -->
  <testcase classname="com.qa.tests.HomePageTest" name="checkFooterList" time="0.0">
    <skipped/>
  </testcase> <!-- checkFooterList -->
  <testcase classname="com.qa.tests.SignInPageTest" name="checkPageTitle" time="0.118">
    <failure type="java.lang.AssertionError" message="Page title not matching. expected [Sign in or Register | eBay] but found [Security Measure]">
      <![CDATA[java.lang.AssertionError: Page title not matching. expected [Sign in or Register | eBay] but found [Security Measure]
at com.qa.tests.SignInPageTest.checkPageTitle(SignInPageTest.java:46)
at java.base/java.util.ArrayList.forEach(ArrayList.java:1511)
... Removed 32 stack frames]]>
    </failure>
  </testcase> <!-- checkPageTitle -->
  <testcase classname="com.qa.tests.RegisterPageTest" name="checkPageTitle" time="0.0">
    <skipped/>
  </testcase> <!-- checkPageTitle -->
  <testcase classname="com.qa.tests.RegisterPageTest" name="createAccountWithEmptyFirstName" time="0.0">
    <skipped/>
  </testcase> <!-- createAccountWithEmptyFirstName -->
  <testcase classname="com.qa.tests.RegisterPageTest" name="createAccountWithEmptyLastName" time="0.0">
    <skipped/>
  </testcase> <!-- createAccountWithEmptyLastName -->
  <testcase classname="com.qa.tests.RegisterPageTest" name="createAccountWithEmptyEmail" time="0.0">
    <skipped/>
  </testcase> <!-- createAccountWithEmptyEmail -->
  <testcase classname="com.qa.tests.RegisterPageTest" name="createAccountWithEmptyPassword" time="0.001">
    <skipped/>
  </testcase> <!-- createAccountWithEmptyPassword -->
  <testcase classname="com.qa.tests.RegisterPageTest" name="checkPasswordSuggestion" time="0.0">
    <skipped/>
  </testcase> <!-- checkPasswordSuggestion -->
  <testcase classname="com.qa.tests.RegisterPageTest" name="createAccountWithEmptyBusinessName" time="0.0">
    <skipped/>
  </testcase> <!-- createAccountWithEmptyBusinessName -->
  <testcase classname="com.qa.tests.RegisterPageTest" name="createAccountWithEmptyBusinessEmail" time="0.0">
    <skipped/>
  </testcase> <!-- createAccountWithEmptyBusinessEmail -->
  <testcase classname="com.qa.tests.RegisterPageTest" name="createAccountWithEmptyBusinessPassword" time="0.0">
    <skipped/>
  </testcase> <!-- createAccountWithEmptyBusinessPassword -->
  <testcase classname="com.qa.tests.RegisterPageTest" name="getCountryList" time="0.001">
    <skipped/>
  </testcase> <!-- getCountryList -->
  <testcase classname="com.qa.tests.RegisterPageTest" name="selectCountry" time="0.0">
    <skipped/>
  </testcase> <!-- selectCountry -->
</testsuite> <!-- Test -->
